<?xml version="1.0" encoding="UTF-8"?>
<robot generator="Robot 4.1.3 (Python 3.9.10 on win32)" generated="20220201 16:22:46.881" rpa="false" schemaversion="2">
<suite id="s1" name="TC 05" source="D:\Python\Rokomari_robot_framework\Automation\TC_05.robot">
<test id="s1-t1" name="LoginTest1">
<kw name="open my browser" library="LogInKeywords">
<arg>${SiteUrl}</arg>
<arg>${Browser}</arg>
<kw name="Open Browser" library="SeleniumLibrary">
<arg>${SiteUrl}</arg>
<arg>${Browser}</arg>
<doc>Opens a new browser instance to the optional ``url``.</doc>
<msg timestamp="20220201 16:22:47.250" level="INFO">Opening browser 'chrome' to base url 'https://www.rokomari.com/book'.</msg>
<status status="PASS" starttime="20220201 16:22:47.250" endtime="20220201 16:22:54.540"/>
</kw>
<kw name="Maximize Browser Window" library="SeleniumLibrary">
<doc>Maximizes current browser window.</doc>
<status status="PASS" starttime="20220201 16:22:54.540" endtime="20220201 16:22:54.798"/>
</kw>
<status status="PASS" starttime="20220201 16:22:47.249" endtime="20220201 16:22:54.798"/>
</kw>
<kw name="LoginToRokomari">
<kw name="Click SignIn" library="LogInKeywords">
<kw name="Click Link" library="SeleniumLibrary">
<arg>${sign_in}</arg>
<doc>Clicks a link identified by ``locator``.</doc>
<msg timestamp="20220201 16:22:54.802" level="INFO">Clicking link 'xpath://*[@id="js--main-header"]/div/div/div[3]/div/div[2]/a'.</msg>
<status status="PASS" starttime="20220201 16:22:54.802" endtime="20220201 16:22:56.592"/>
</kw>
<status status="PASS" starttime="20220201 16:22:54.801" endtime="20220201 16:22:56.592"/>
</kw>
<kw name="Enter MailId" library="LogInKeywords">
<arg>${user}</arg>
<kw name="Input Text" library="SeleniumLibrary">
<arg>${txt_login_mail}</arg>
<arg>${username}</arg>
<doc>Types the given ``text`` into the text field identified by ``locator``.</doc>
<msg timestamp="20220201 16:22:56.595" level="INFO">Typing text '01888018837' into text field 'id:j_username'.</msg>
<status status="PASS" starttime="20220201 16:22:56.593" endtime="20220201 16:22:56.833"/>
</kw>
<status status="PASS" starttime="20220201 16:22:56.592" endtime="20220201 16:22:56.833"/>
</kw>
<kw name="Press Keys" library="SeleniumLibrary">
<arg>${txt_login_mail}</arg>
<arg>ENTER</arg>
<doc>Simulates the user pressing key(s) to an element or on the active browser.</doc>
<msg timestamp="20220201 16:22:56.834" level="INFO">Sending key(s) ('ENTER',) to id:j_username element.</msg>
<msg timestamp="20220201 16:22:57.151" level="INFO">Pressing special key ENTER to element.</msg>
<msg timestamp="20220201 16:22:57.152" level="INFO">Releasing special key ENTER.</msg>
<status status="PASS" starttime="20220201 16:22:56.833" endtime="20220201 16:22:57.193"/>
</kw>
<kw name="Sleep" library="BuiltIn">
<arg>2</arg>
<doc>Pauses the test executed for the given time.</doc>
<msg timestamp="20220201 16:22:59.207" level="INFO">Slept 2 seconds</msg>
<status status="PASS" starttime="20220201 16:22:57.194" endtime="20220201 16:22:59.207"/>
</kw>
<kw name="Enter PasswordId" library="LogInKeywords">
<arg>${password}</arg>
<kw name="Input Text" library="SeleniumLibrary">
<arg>${txt_login_pass}</arg>
<arg>${password}</arg>
<doc>Types the given ``text`` into the text field identified by ``locator``.</doc>
<msg timestamp="20220201 16:22:59.212" level="INFO">Typing text 'lolme1011' into text field 'id:j_password'.</msg>
<status status="PASS" starttime="20220201 16:22:59.211" endtime="20220201 16:22:59.333"/>
</kw>
<status status="PASS" starttime="20220201 16:22:59.208" endtime="20220201 16:22:59.334"/>
</kw>
<kw name="Press Keys" library="SeleniumLibrary">
<arg>${txt_login_pass}</arg>
<arg>ENTER</arg>
<doc>Simulates the user pressing key(s) to an element or on the active browser.</doc>
<msg timestamp="20220201 16:22:59.335" level="INFO">Sending key(s) ('ENTER',) to id:j_password element.</msg>
<msg timestamp="20220201 16:22:59.622" level="INFO">Pressing special key ENTER to element.</msg>
<msg timestamp="20220201 16:22:59.623" level="INFO">Releasing special key ENTER.</msg>
<status status="PASS" starttime="20220201 16:22:59.334" endtime="20220201 16:23:01.741"/>
</kw>
<kw name="Sleep" library="BuiltIn">
<arg>5</arg>
<doc>Pauses the test executed for the given time.</doc>
<msg timestamp="20220201 16:23:06.745" level="INFO">Slept 5 seconds</msg>
<status status="PASS" starttime="20220201 16:23:01.741" endtime="20220201 16:23:06.745"/>
</kw>
<status status="PASS" starttime="20220201 16:22:54.800" endtime="20220201 16:23:06.745"/>
</kw>
<status status="PASS" starttime="20220201 16:22:47.248" endtime="20220201 16:23:06.746"/>
</test>
<test id="s1-t2" name="DropdownMenu_Test">
<kw name="dropdownMenu">
<kw name="Click DropdownMenu" library="ChangeProfileInfoKeywords">
<kw name="Click Link" library="SeleniumLibrary">
<arg>${profile}</arg>
<doc>Clicks a link identified by ``locator``.</doc>
<msg timestamp="20220201 16:23:06.750" level="INFO">Clicking link 'id:dropdownMenu2'.</msg>
<status status="PASS" starttime="20220201 16:23:06.750" endtime="20220201 16:23:06.873"/>
</kw>
<status status="PASS" starttime="20220201 16:23:06.749" endtime="20220201 16:23:06.874"/>
</kw>
<kw name="Click My_Account" library="ChangeProfileInfoKeywords">
<kw name="Click Link" library="SeleniumLibrary">
<arg>${My_Account}</arg>
<doc>Clicks a link identified by ``locator``.</doc>
<msg timestamp="20220201 16:23:06.876" level="INFO">Clicking link 'xpath://*[@id="js--main-header"]/div/div/div[3]/div/div[3]/div/a[1]'.</msg>
<status status="PASS" starttime="20220201 16:23:06.875" endtime="20220201 16:23:07.838"/>
</kw>
<status status="PASS" starttime="20220201 16:23:06.874" endtime="20220201 16:23:07.839"/>
</kw>
<status status="PASS" starttime="20220201 16:23:06.749" endtime="20220201 16:23:07.839"/>
</kw>
<status status="PASS" starttime="20220201 16:23:06.748" endtime="20220201 16:23:07.839"/>
</test>
<test id="s1-t3" name="Change_profile_info_Test">
<kw name="ProfileInfoChange">
<kw name="Click Change" library="ChangeProfileInfoKeywords">
<kw name="Click Element" library="SeleniumLibrary">
<arg>${Info_Change}</arg>
<doc>Click the element identified by ``locator``.</doc>
<msg timestamp="20220201 16:23:07.845" level="INFO">Clicking element 'xpath://div[@class='heading border-bottom pb-4']/span[@class='edit1 ml-4']'.</msg>
<status status="PASS" starttime="20220201 16:23:07.844" endtime="20220201 16:23:07.937"/>
</kw>
<status status="PASS" starttime="20220201 16:23:07.843" endtime="20220201 16:23:07.938"/>
</kw>
<kw name="Enter Date">
<msg timestamp="20220201 16:23:07.945" level="FAIL">No keyword with name 'Enter Date' found.</msg>
<status status="FAIL" starttime="20220201 16:23:07.945" endtime="20220201 16:23:07.945"/>
</kw>
<status status="FAIL" starttime="20220201 16:23:07.842" endtime="20220201 16:23:07.947"/>
</kw>
<status status="FAIL" starttime="20220201 16:23:07.841" endtime="20220201 16:23:07.949">No keyword with name 'Enter Date' found.</status>
</test>
<status status="FAIL" starttime="20220201 16:22:46.885" endtime="20220201 16:23:07.960"/>
</suite>
<statistics>
<total>
<stat pass="2" fail="1" skip="0">All Tests</stat>
</total>
<tag>
</tag>
<suite>
<stat pass="2" fail="1" skip="0" id="s1" name="TC 05">TC 05</stat>
</suite>
</statistics>
<errors>
</errors>
</robot>
